\BOOKMARK [1][-]{section.1}{Introduktion}{}% 1
\BOOKMARK [1][-]{section.2}{Referensdokument}{}% 2
\BOOKMARK [1][-]{section.3}{Terminologi}{}% 3
\BOOKMARK [1][-]{section.4}{\326versikt}{}% 4
\BOOKMARK [2][-]{subsection.4.1}{Vyniv\345: JSP \(JavaServer Pages\)}{section.4}% 5
\BOOKMARK [2][-]{subsection.4.2}{Kontrollerniv\345: Servlet}{section.4}% 6
\BOOKMARK [2][-]{subsection.4.3}{Modellniv\345: JavaBeans}{section.4}% 7
\BOOKMARK [2][-]{subsection.4.4}{\326vriga klasser p\345 modellniv\345}{section.4}% 8
\BOOKMARK [1][-]{section.5}{Databas}{}% 9
\BOOKMARK [2][-]{subsection.5.1}{Users}{section.5}% 10
\BOOKMARK [2][-]{subsection.5.2}{ProjectGroups}{section.5}% 11
\BOOKMARK [2][-]{subsection.5.3}{TimeReports}{section.5}% 12
\BOOKMARK [2][-]{subsection.5.4}{memberOf}{section.5}% 13
\BOOKMARK [1][-]{section.6}{Sekvensdiagram}{}% 14
\BOOKMARK [2][-]{subsection.6.1}{Class LoginServlet}{section.6}% 15
\BOOKMARK [2][-]{subsection.6.2}{Class GroupManagementServlet}{section.6}% 16
\BOOKMARK [2][-]{subsection.6.3}{UserManagementServlet}{section.6}% 17
\BOOKMARK [2][-]{subsection.6.4}{Class ReportManagementServlet}{section.6}% 18
\BOOKMARK [2][-]{subsection.6.5}{ReportServlet}{section.6}% 19
\BOOKMARK [2][-]{subsection.6.6}{UserServlet}{section.6}% 20
\BOOKMARK [2][-]{subsection.6.7}{DashBoardServlet}{section.6}% 21
\BOOKMARK [1][-]{section.7}{Routing}{}% 22
\BOOKMARK [1][-]{section.8}{Appendix A}{}% 23
